<?xml version="1.0" encoding="UTF-8"?>
<!-- Generated by org.testng.reporters.JUnitXMLReporter -->
<testsuite ignored="0" hostname="DESKTOP-3IDP2QL" failures="0" tests="12" name="Surefire test" time="28.104" errors="0" timestamp="2026-01-20T14:59:27 IST">
  <testcase classname="tests.E2EFeatureTest" name="aiHealingTest" time="0.01"/>
  <testcase classname="tests.E2EFeatureTest" name="loginTest" time="0.008"/>
  <testcase classname="tests.E2EFeatureTest" name="screenshotFailureTest" time="0.002"/>
  <testcase classname="tests.FeatureTests" name="alertHandlingTest" time="0.627"/>
  <testcase classname="tests.FeatureTests" name="dropdownTest" time="0.385"/>
  <testcase classname="tests.FeatureTests" name="fileUploadTest" time="1.094"/>
  <testcase classname="tests.FeatureTests" name="iframeTest" time="0.44"/>
  <testcase classname="tests.FeatureTests" name="navigationTest" time="0.113"/>
  <testcase classname="tests.FeatureTests" name="windowHandlesTest" time="0.513"/>
  <testcase classname="tests.FrameworkSmokeTest" name="frameworkSmoke" time="0.001"/>
  <testcase classname="tests.SelfHealingDemoTest" name="selfHealingTest" time="0.002"/>
  <testcase classname="tests.SoftAssertDemoTest" name="softAssertDemo" time="0.001"/>
</testsuite> <!-- Surefire test -->
