<?xml version="1.0" encoding="UTF-8"?>
<!-- Generated by org.testng.reporters.JUnitXMLReporter -->
<testsuite ignored="0" hostname="DESKTOP-3IDP2QL" failures="0" tests="12" name="AllTests" time="68.485" errors="0" timestamp="2026-01-20T14:46:20 IST">
  <testcase classname="tests.FrameworkSmokeTest" name="frameworkSmoke" time="8.624"/>
  <testcase classname="tests.E2EFeatureTest" name="aiHealingTest" time="6.661"/>
  <testcase classname="tests.SelfHealingDemoTest" name="selfHealingTest" time="6.864"/>
  <testcase classname="tests.SoftAssertDemoTest" name="softAssertDemo" time="7.778"/>
  <testcase classname="tests.FeatureTests" name="alertHandlingTest" time="8.334"/>
  <testcase classname="tests.FeatureTests" name="dropdownTest" time="4.845"/>
  <testcase classname="tests.FeatureTests" name="fileUploadTest" time="5.939"/>
  <testcase classname="tests.FeatureTests" name="iframeTest" time="7.372"/>
  <testcase classname="tests.E2EFeatureTest" name="loginTest" time="5.901"/>
  <testcase classname="tests.FeatureTests" name="navigationTest" time="3.781"/>
  <testcase classname="tests.E2EFeatureTest" name="screenshotFailureTest" time="9.886"/>
  <testcase classname="tests.FeatureTests" name="windowHandlesTest" time="25.658"/>
</testsuite> <!-- AllTests -->
