<?xml version="1.0" encoding="UTF-8"?>
<testng-results ignored="0" total="1" passed="1" failed="0" skipped="0">
  <reporter-output>
  </reporter-output>
  <suite started-at="2026-01-20T16:30:23 IST" name="Surefire suite" finished-at="2026-01-20T16:30:23 IST" duration-ms="133">
    <groups>
    </groups>
    <test started-at="2026-01-20T16:30:23 IST" name="Surefire test" finished-at="2026-01-20T16:30:23 IST" duration-ms="133">
      <class name="tests.FrameworkSmokeTest">
        <test-method signature="frameworkSmoke()[pri:0, instance:tests.FrameworkSmokeTest@56de5251]" started-at="2026-01-20T16:30:23 IST" name="frameworkSmoke" finished-at="2026-01-20T16:30:23 IST" duration-ms="16" status="PASS">
          <reporter-output>
          </reporter-output>
        </test-method> <!-- frameworkSmoke -->
      </class> <!-- tests.FrameworkSmokeTest -->
    </test> <!-- Surefire test -->
  </suite> <!-- Surefire suite -->
</testng-results>
