<?xml version="1.0" encoding="UTF-8"?>
<testng-results ignored="0" total="1" passed="1" failed="0" skipped="0">
  <reporter-output>
  </reporter-output>
  <suite started-at="2026-09-04T14:19:47 IST" name="Surefire suite" finished-at="2026-09-04T14:19:57 IST" duration-ms="9820">
    <groups>
    </groups>
    <test started-at="2026-09-04T14:19:47 IST" name="Surefire test" finished-at="2026-09-04T14:19:57 IST" duration-ms="9820">
      <class name="tests.priceOnProductPageVerification">
        <test-method is-config="true" signature="setup(java.lang.reflect.Method)[pri:0, instance:tests.priceOnProductPageVerification@7f010382]" started-at="2026-09-04T14:19:47 IST" name="setup" finished-at="2026-09-04T14:19:51 IST" duration-ms="4341" status="PASS">
          <params>
            <param index="0">
              <value>
                <![CDATA[public void tests.priceOnProductPageVerification.priceOnProductPageVerification() throws java.lang.InterruptedException]]>
              </value>
            </param>
          </params>
          <reporter-output>
          </reporter-output>
        </test-method> <!-- setup -->
        <test-method signature="priceOnProductPageVerification()[pri:0, instance:tests.priceOnProductPageVerification@7f010382]" started-at="2026-09-04T14:19:51 IST" name="priceOnProductPageVerification" finished-at="2026-09-04T14:19:56 IST" duration-ms="4450" status="PASS">
          <reporter-output>
          </reporter-output>
        </test-method> <!-- priceOnProductPageVerification -->
        <test-method is-config="true" signature="teardown(org.testng.ITestResult)[pri:0, instance:tests.priceOnProductPageVerification@7f010382]" started-at="2026-09-04T14:19:56 IST" name="teardown" finished-at="2026-09-04T14:19:57 IST" duration-ms="937" status="PASS">
          <params>
            <param index="0">
              <value>
                <![CDATA[[TestResult name=priceOnProductPageVerification status=SUCCESS method=priceOnProductPageVerification.priceOnProductPageVerification()[pri:0, instance:tests.priceOnProductPageVerification@7f010382] output={null}]]]>
              </value>
            </param>
          </params>
          <reporter-output>
          </reporter-output>
        </test-method> <!-- teardown -->
      </class> <!-- tests.priceOnProductPageVerification -->
    </test> <!-- Surefire test -->
  </suite> <!-- Surefire suite -->
</testng-results>
