<?xml version="1.0" encoding="UTF-8"?>
<!-- Generated by org.testng.reporters.JUnitXMLReporter -->
<testsuite ignored="0" hostname="DESKTOP-3IDP2QL" failures="0" tests="12" name="Regression" time="47.426" errors="0" timestamp="2026-01-20T15:32:18 IST">
  <testcase classname="tests.SoftAssertDemoTest" name="softAssertDemo" time="0.05"/>
  <testcase classname="tests.FrameworkSmokeTest" name="frameworkSmoke" time="7.565"/>
  <testcase classname="tests.E2EFeatureTest" name="aiHealingTest" time="0.001"/>
  <testcase classname="tests.SelfHealingDemoTest" name="selfHealingTest" time="0.002"/>
  <testcase classname="tests.E2EFeatureTest" name="loginTest" time="0.036"/>
  <testcase classname="tests.FeatureTests" name="alertHandlingTest" time="4.099"/>
  <testcase classname="tests.E2EFeatureTest" name="screenshotFailureTest" time="0.006"/>
  <testcase classname="tests.FeatureTests" name="dropdownTest" time="3.6"/>
  <testcase classname="tests.FeatureTests" name="fileUploadTest" time="1.304"/>
  <testcase classname="tests.FeatureTests" name="iframeTest" time="1.327"/>
  <testcase classname="tests.FeatureTests" name="navigationTest" time="0.108"/>
  <testcase classname="tests.FeatureTests" name="windowHandlesTest" time="0.919"/>
</testsuite> <!-- Regression -->
