<?xml version="1.0" encoding="UTF-8"?>
<!-- Generated by org.testng.reporters.JUnitReportReporter -->
<testsuite hostname="DESKTOP-3IDP2QL" failures="0" tests="6" name="tests.FeatureTests" time="35.200" errors="0" timestamp="2026-01-20T15:32:18 IST" skipped="0">
  <testcase classname="tests.FeatureTests" name="iframeTest" time="3.259"/>
  <testcase classname="tests.FeatureTests" name="dropdownTest" time="8.621"/>
  <testcase classname="tests.FeatureTests" name="alertHandlingTest" time="6.342"/>
  <testcase classname="tests.FeatureTests" name="fileUploadTest" time="8.689"/>
  <testcase classname="tests.FeatureTests" name="windowHandlesTest" time="3.421"/>
  <testcase classname="tests.FeatureTests" name="navigationTest" time="4.868"/>
</testsuite> <!-- tests.FeatureTests -->
