<?xml version="1.0" encoding="UTF-8"?>
<!-- Generated by org.testng.reporters.JUnitReportReporter -->
<testsuite hostname="DESKTOP-3IDP2QL" failures="0" tests="3" name="tests.E2EFeatureTest" time="23.691" errors="0" timestamp="2026-01-20T15:32:18 IST" skipped="0">
  <testcase classname="tests.E2EFeatureTest" name="aiHealingTest" time="3.077"/>
  <testcase classname="tests.E2EFeatureTest" name="loginTest" time="11.591"/>
  <testcase classname="tests.E2EFeatureTest" name="screenshotFailureTest" time="9.023"/>
</testsuite> <!-- tests.E2EFeatureTest -->
